<?xml version="1.0" encoding="UTF-8"?>
<!-- Generated by org.testng.reporters.JUnitXMLReporter -->
<testsuite ignored="0" hostname="DESKTOP-US9O7O0" failures="0" tests="31" name="JobsAPI" time="22.651" errors="0" timestamp="2022-04-19T11:17:44 PDT">
  <testcase classname="com.jobsapi.testcases.getAllJobDetails" name="getJobs" time="4.244"/>
  <testcase classname="com.jobsapi.testcases.postNewJob" name="postNewJobWithAllValidDetails" time="0.552"/>
  <testcase classname="com.jobsapi.testcases.postNewJob" name="postNewJobWithAllValidDetails" time="0.504"/>
  <testcase classname="com.jobsapi.testcases.postNewJob" name="postNewJobWithAllValidDetails" time="0.491"/>
  <testcase classname="com.jobsapi.testcases.postNewJob" name="postNewJobWithAllValidDetails" time="0.454"/>
  <testcase classname="com.jobsapi.testcases.postNewJob" name="postNewJobWithAllValidDetails" time="0.441"/>
  <testcase classname="com.jobsapi.testcases.postNewJob" name="postNewJobWithBlankCompanyName" time="0.438"/>
  <testcase classname="com.jobsapi.testcases.postNewJob" name="postNewJobWithBlankJobDesc" time="0.429"/>
  <testcase classname="com.jobsapi.testcases.postNewJob" name="postNewJobWithBlankJobId" time="0.421"/>
  <testcase classname="com.jobsapi.testcases.postNewJob" name="postNewJobWithBlankJobPostedTime" time="0.415"/>
  <testcase classname="com.jobsapi.testcases.postNewJob" name="postNewJobWithBlankJobTitle" time="0.404"/>
  <testcase classname="com.jobsapi.testcases.postNewJob" name="postNewJobWithBlankJobType" time="0.419"/>
  <testcase classname="com.jobsapi.testcases.postNewJob" name="postNewJobWithBlankLocation" time="0.406"/>
  <testcase classname="com.jobsapi.testcases.postNewJob" name="postNewJobWithDuplicateID" time="0.433"/>
  <testcase classname="com.jobsapi.testcases.postNewJob" name="postNewJobWithDuplicateID" time="0.426"/>
  <testcase classname="com.jobsapi.testcases.postNewJob" name="postNewJobWithDuplicateID" time="0.452"/>
  <testcase classname="com.jobsapi.testcases.postNewJob" name="postNewJobWithDuplicateID" time="0.428"/>
  <testcase classname="com.jobsapi.testcases.postNewJob" name="postNewJobWithDuplicateID" time="0.417"/>
  <testcase classname="com.jobsapi.testcases.updateExistingJob" name="putJobBlankJobId" time="0.407"/>
  <testcase classname="com.jobsapi.testcases.updateExistingJob" name="putJobInvalidJobId" time="0.424"/>
  <testcase classname="com.jobsapi.testcases.updateExistingJob" name="putNewJobWithAllValidDetails" time="0.423"/>
  <testcase classname="com.jobsapi.testcases.updateExistingJob" name="putNewJobWithAllValidDetails" time="0.43"/>
  <testcase classname="com.jobsapi.testcases.updateExistingJob" name="putNewJobWithAllValidDetails" time="0.424"/>
  <testcase classname="com.jobsapi.testcases.updateExistingJob" name="putNewJobWithAllValidDetails" time="0.419"/>
  <testcase classname="com.jobsapi.testcases.updateExistingJob" name="putNewJobWithAllValidDetails" time="0.406"/>
  <testcase classname="com.jobsapi.testcases.deleteJobs" name="deleteInvalidJobId" time="0.413"/>
  <testcase classname="com.jobsapi.testcases.deleteJobs" name="deleteJobs" time="0.413"/>
  <testcase classname="com.jobsapi.testcases.deleteJobs" name="deleteJobs" time="0.423"/>
  <testcase classname="com.jobsapi.testcases.deleteJobs" name="deleteJobs" time="0.416"/>
  <testcase classname="com.jobsapi.testcases.deleteJobs" name="deleteJobs" time="0.416"/>
  <testcase classname="com.jobsapi.testcases.deleteJobs" name="deleteJobs" time="0.414"/>
</testsuite> <!-- JobsAPI -->
