<?xml version="1.0" encoding="UTF-8"?>
<testng-results ignored="8" total="13" passed="0" failed="5" skipped="0">
  <reporter-output>
  </reporter-output>
  <suite started-at="2022-04-19T11:59:41 PDT" name="Default suite" finished-at="2022-04-19T11:59:47 PDT" duration-ms="6381">
    <groups>
    </groups>
    <test started-at="2022-04-19T11:59:41 PDT" name="Default test" finished-at="2022-04-19T11:59:47 PDT" duration-ms="6381">
      <class name="com.jobsapi.testcases.postNewJob">
        <test-method signature="postNewJobWithAllValidDetails(java.lang.String, java.lang.String, java.lang.String, java.lang.String, java.lang.String, java.lang.String, java.lang.String, java.lang.String)[pri:0, instance:com.jobsapi.testcases.postNewJob@49912c99]" started-at="2022-04-19T11:59:42 PDT" name="postNewJobWithAllValidDetails" data-provider="PostDataFromExcel" finished-at="2022-04-19T11:59:45 PDT" duration-ms="2564" status="FAIL">
          <params>
            <param index="0">
              <value>
                <![CDATA[Quality Assurance Engineer]]>
              </value>
            </param>
            <param index="1">
              <value>
                <![CDATA[Amazon Corp]]>
              </value>
            </param>
            <param index="2">
              <value>
                <![CDATA[San Jose, CA]]>
              </value>
            </param>
            <param index="3">
              <value>
                <![CDATA[W2]]>
              </value>
            </param>
            <param index="4">
              <value>
                <![CDATA[10 hours ago]]>
              </value>
            </param>
            <param index="5">
              <value>
                <![CDATA[Quality Assurance Engineer]]>
              </value>
            </param>
            <param index="6">
              <value>
                <![CDATA[5001]]>
              </value>
            </param>
            <param index="7">
              <value is-null="true"/>
            </param>
          </params>
          <exception class="io.restassured.module.jsv.JsonSchemaValidationException">
            <message>
              <![CDATA[com.fasterxml.jackson.core.JsonParseException: Unrecognized token 'postjobsschema': was expecting (JSON String, Number, Array, Object or token 'null', 'true' or 'false')
 at [Source: (StringReader); line: 1, column: 15]]]>
            </message>
            <full-stacktrace>
              <![CDATA[io.restassured.module.jsv.JsonSchemaValidationException: com.fasterxml.jackson.core.JsonParseException: Unrecognized token 'postjobsschema': was expecting (JSON String, Number, Array, Object or token 'null', 'true' or 'false')
 at [Source: (StringReader); line: 1, column: 15]
at io.restassured.module.jsv.JsonSchemaValidator$JsonSchemaValidatorFactory.create(JsonSchemaValidator.java:286)
at io.restassured.module.jsv.JsonSchemaValidator.matchesJsonSchema(JsonSchemaValidator.java:107)
at com.jobsapi.testcases.postNewJob.postNewJobWithAllValidDetails(postNewJob.java:66)
at java.base/jdk.internal.reflect.NativeMethodAccessorImpl.invoke0(Native Method)
at java.base/jdk.internal.reflect.NativeMethodAccessorImpl.invoke(NativeMethodAccessorImpl.java:64)
at java.base/jdk.internal.reflect.DelegatingMethodAccessorImpl.invoke(DelegatingMethodAccessorImpl.java:43)
at java.base/java.lang.reflect.Method.invoke(Method.java:564)
at org.testng.internal.MethodInvocationHelper.invokeMethod(MethodInvocationHelper.java:134)
at org.testng.internal.TestInvoker.invokeMethod(TestInvoker.java:597)
at org.testng.internal.TestInvoker.invokeTestMethod(TestInvoker.java:173)
at org.testng.internal.MethodRunner.runInSequence(MethodRunner.java:46)
at org.testng.internal.TestInvoker$MethodInvocationAgent.invoke(TestInvoker.java:816)
at org.testng.internal.TestInvoker.invokeTestMethods(TestInvoker.java:146)
at org.testng.internal.TestMethodWorker.invokeTestMethods(TestMethodWorker.java:146)
at org.testng.internal.TestMethodWorker.run(TestMethodWorker.java:128)
at java.base/java.util.ArrayList.forEach(ArrayList.java:1511)
at org.testng.TestRunner.privateRun(TestRunner.java:766)
at org.testng.TestRunner.run(TestRunner.java:587)
at org.testng.SuiteRunner.runTest(SuiteRunner.java:384)
at org.testng.SuiteRunner.runSequentially(SuiteRunner.java:378)
at org.testng.SuiteRunner.privateRun(SuiteRunner.java:337)
at org.testng.SuiteRunner.run(SuiteRunner.java:286)
at org.testng.SuiteRunnerWorker.runSuite(SuiteRunnerWorker.java:53)
at org.testng.SuiteRunnerWorker.run(SuiteRunnerWorker.java:96)
at org.testng.TestNG.runSuitesSequentially(TestNG.java:1187)
at org.testng.TestNG.runSuitesLocally(TestNG.java:1109)
at org.testng.TestNG.runSuites(TestNG.java:1039)
at org.testng.TestNG.run(TestNG.java:1007)
at org.testng.remote.AbstractRemoteTestNG.run(AbstractRemoteTestNG.java:115)
at org.testng.remote.RemoteTestNG.initAndRun(RemoteTestNG.java:251)
at org.testng.remote.RemoteTestNG.main(RemoteTestNG.java:77)
Caused by: com.fasterxml.jackson.core.JsonParseException: Unrecognized token 'postjobsschema': was expecting (JSON String, Number, Array, Object or token 'null', 'true' or 'false')
 at [Source: (StringReader); line: 1, column: 15]
at com.fasterxml.jackson.core.JsonParser._constructError(JsonParser.java:1851)
at com.fasterxml.jackson.core.base.ParserMinimalBase._reportError(ParserMinimalBase.java:717)
at com.fasterxml.jackson.core.json.ReaderBasedJsonParser._reportInvalidToken(ReaderBasedJsonParser.java:2892)
at com.fasterxml.jackson.core.json.ReaderBasedJsonParser._handleOddValue(ReaderBasedJsonParser.java:1938)
at com.fasterxml.jackson.core.json.ReaderBasedJsonParser.nextToken(ReaderBasedJsonParser.java:776)
at com.fasterxml.jackson.databind.MappingIterator.hasNextValue(MappingIterator.java:243)
at com.github.fge.jackson.JsonNodeReader.readNode(JsonNodeReader.java:149)
at com.github.fge.jackson.JsonNodeReader.fromReader(JsonNodeReader.java:129)
at com.github.fge.jackson.JsonLoader.fromReader(JsonLoader.java:186)
at com.github.fge.jackson.JsonLoader.fromString(JsonLoader.java:199)
at io.restassured.module.jsv.JsonSchemaValidator$1.createSchemaInstance(JsonSchemaValidator.java:105)
at io.restassured.module.jsv.JsonSchemaValidator$1.createSchemaInstance(JsonSchemaValidator.java:102)
at io.restassured.module.jsv.JsonSchemaValidator$JsonSchemaValidatorFactory.create(JsonSchemaValidator.java:284)
... 30 more
]]>
            </full-stacktrace>
          </exception> <!-- io.restassured.module.jsv.JsonSchemaValidationException -->
          <reporter-output>
          </reporter-output>
        </test-method> <!-- postNewJobWithAllValidDetails -->
        <test-method signature="postNewJobWithAllValidDetails(java.lang.String, java.lang.String, java.lang.String, java.lang.String, java.lang.String, java.lang.String, java.lang.String, java.lang.String)[pri:0, instance:com.jobsapi.testcases.postNewJob@49912c99]" started-at="2022-04-19T11:59:45 PDT" name="postNewJobWithAllValidDetails" data-provider="PostDataFromExcel" finished-at="2022-04-19T11:59:45 PDT" duration-ms="421" status="FAIL">
          <params>
            <param index="0">
              <value>
                <![CDATA[Quality Assurance Lead]]>
              </value>
            </param>
            <param index="1">
              <value>
                <![CDATA[Facebook Inc]]>
              </value>
            </param>
            <param index="2">
              <value>
                <![CDATA[Irvine, CA]]>
              </value>
            </param>
            <param index="3">
              <value>
                <![CDATA[Contract]]>
              </value>
            </param>
            <param index="4">
              <value>
                <![CDATA[24 hours ago]]>
              </value>
            </param>
            <param index="5">
              <value>
                <![CDATA[Quality Assurance Lead]]>
              </value>
            </param>
            <param index="6">
              <value>
                <![CDATA[5002]]>
              </value>
            </param>
            <param index="7">
              <value is-null="true"/>
            </param>
          </params>
          <exception class="io.restassured.module.jsv.JsonSchemaValidationException">
            <message>
              <![CDATA[com.fasterxml.jackson.core.JsonParseException: Unrecognized token 'postjobsschema': was expecting (JSON String, Number, Array, Object or token 'null', 'true' or 'false')
 at [Source: (StringReader); line: 1, column: 15]]]>
            </message>
            <full-stacktrace>
              <![CDATA[io.restassured.module.jsv.JsonSchemaValidationException: com.fasterxml.jackson.core.JsonParseException: Unrecognized token 'postjobsschema': was expecting (JSON String, Number, Array, Object or token 'null', 'true' or 'false')
 at [Source: (StringReader); line: 1, column: 15]
at io.restassured.module.jsv.JsonSchemaValidator$JsonSchemaValidatorFactory.create(JsonSchemaValidator.java:286)
at io.restassured.module.jsv.JsonSchemaValidator.matchesJsonSchema(JsonSchemaValidator.java:107)
at com.jobsapi.testcases.postNewJob.postNewJobWithAllValidDetails(postNewJob.java:66)
at java.base/jdk.internal.reflect.NativeMethodAccessorImpl.invoke0(Native Method)
at java.base/jdk.internal.reflect.NativeMethodAccessorImpl.invoke(NativeMethodAccessorImpl.java:64)
at java.base/jdk.internal.reflect.DelegatingMethodAccessorImpl.invoke(DelegatingMethodAccessorImpl.java:43)
at java.base/java.lang.reflect.Method.invoke(Method.java:564)
at org.testng.internal.MethodInvocationHelper.invokeMethod(MethodInvocationHelper.java:134)
at org.testng.internal.TestInvoker.invokeMethod(TestInvoker.java:597)
at org.testng.internal.TestInvoker.invokeTestMethod(TestInvoker.java:173)
at org.testng.internal.MethodRunner.runInSequence(MethodRunner.java:46)
at org.testng.internal.TestInvoker$MethodInvocationAgent.invoke(TestInvoker.java:816)
at org.testng.internal.TestInvoker.invokeTestMethods(TestInvoker.java:146)
at org.testng.internal.TestMethodWorker.invokeTestMethods(TestMethodWorker.java:146)
at org.testng.internal.TestMethodWorker.run(TestMethodWorker.java:128)
at java.base/java.util.ArrayList.forEach(ArrayList.java:1511)
at org.testng.TestRunner.privateRun(TestRunner.java:766)
at org.testng.TestRunner.run(TestRunner.java:587)
at org.testng.SuiteRunner.runTest(SuiteRunner.java:384)
at org.testng.SuiteRunner.runSequentially(SuiteRunner.java:378)
at org.testng.SuiteRunner.privateRun(SuiteRunner.java:337)
at org.testng.SuiteRunner.run(SuiteRunner.java:286)
at org.testng.SuiteRunnerWorker.runSuite(SuiteRunnerWorker.java:53)
at org.testng.SuiteRunnerWorker.run(SuiteRunnerWorker.java:96)
at org.testng.TestNG.runSuitesSequentially(TestNG.java:1187)
at org.testng.TestNG.runSuitesLocally(TestNG.java:1109)
at org.testng.TestNG.runSuites(TestNG.java:1039)
at org.testng.TestNG.run(TestNG.java:1007)
at org.testng.remote.AbstractRemoteTestNG.run(AbstractRemoteTestNG.java:115)
at org.testng.remote.RemoteTestNG.initAndRun(RemoteTestNG.java:251)
at org.testng.remote.RemoteTestNG.main(RemoteTestNG.java:77)
Caused by: com.fasterxml.jackson.core.JsonParseException: Unrecognized token 'postjobsschema': was expecting (JSON String, Number, Array, Object or token 'null', 'true' or 'false')
 at [Source: (StringReader); line: 1, column: 15]
at com.fasterxml.jackson.core.JsonParser._constructError(JsonParser.java:1851)
at com.fasterxml.jackson.core.base.ParserMinimalBase._reportError(ParserMinimalBase.java:717)
at com.fasterxml.jackson.core.json.ReaderBasedJsonParser._reportInvalidToken(ReaderBasedJsonParser.java:2892)
at com.fasterxml.jackson.core.json.ReaderBasedJsonParser._handleOddValue(ReaderBasedJsonParser.java:1938)
at com.fasterxml.jackson.core.json.ReaderBasedJsonParser.nextToken(ReaderBasedJsonParser.java:776)
at com.fasterxml.jackson.databind.MappingIterator.hasNextValue(MappingIterator.java:243)
at com.github.fge.jackson.JsonNodeReader.readNode(JsonNodeReader.java:149)
at com.github.fge.jackson.JsonNodeReader.fromReader(JsonNodeReader.java:129)
at com.github.fge.jackson.JsonLoader.fromReader(JsonLoader.java:186)
at com.github.fge.jackson.JsonLoader.fromString(JsonLoader.java:199)
at io.restassured.module.jsv.JsonSchemaValidator$1.createSchemaInstance(JsonSchemaValidator.java:105)
at io.restassured.module.jsv.JsonSchemaValidator$1.createSchemaInstance(JsonSchemaValidator.java:102)
at io.restassured.module.jsv.JsonSchemaValidator$JsonSchemaValidatorFactory.create(JsonSchemaValidator.java:284)
... 30 more
]]>
            </full-stacktrace>
          </exception> <!-- io.restassured.module.jsv.JsonSchemaValidationException -->
          <reporter-output>
          </reporter-output>
        </test-method> <!-- postNewJobWithAllValidDetails -->
        <test-method signature="postNewJobWithAllValidDetails(java.lang.String, java.lang.String, java.lang.String, java.lang.String, java.lang.String, java.lang.String, java.lang.String, java.lang.String)[pri:0, instance:com.jobsapi.testcases.postNewJob@49912c99]" started-at="2022-04-19T11:59:45 PDT" name="postNewJobWithAllValidDetails" data-provider="PostDataFromExcel" finished-at="2022-04-19T11:59:46 PDT" duration-ms="410" status="FAIL">
          <params>
            <param index="0">
              <value>
                <![CDATA[Quality Assurance Manager]]>
              </value>
            </param>
            <param index="1">
              <value>
                <![CDATA[Terra Systems Inc]]>
              </value>
            </param>
            <param index="2">
              <value>
                <![CDATA[Remote]]>
              </value>
            </param>
            <param index="3">
              <value>
                <![CDATA[Part Time]]>
              </value>
            </param>
            <param index="4">
              <value>
                <![CDATA[5 hours ago]]>
              </value>
            </param>
            <param index="5">
              <value>
                <![CDATA[Quality Assurance Manager]]>
              </value>
            </param>
            <param index="6">
              <value>
                <![CDATA[5003]]>
              </value>
            </param>
            <param index="7">
              <value is-null="true"/>
            </param>
          </params>
          <exception class="io.restassured.module.jsv.JsonSchemaValidationException">
            <message>
              <![CDATA[com.fasterxml.jackson.core.JsonParseException: Unrecognized token 'postjobsschema': was expecting (JSON String, Number, Array, Object or token 'null', 'true' or 'false')
 at [Source: (StringReader); line: 1, column: 15]]]>
            </message>
            <full-stacktrace>
              <![CDATA[io.restassured.module.jsv.JsonSchemaValidationException: com.fasterxml.jackson.core.JsonParseException: Unrecognized token 'postjobsschema': was expecting (JSON String, Number, Array, Object or token 'null', 'true' or 'false')
 at [Source: (StringReader); line: 1, column: 15]
at io.restassured.module.jsv.JsonSchemaValidator$JsonSchemaValidatorFactory.create(JsonSchemaValidator.java:286)
at io.restassured.module.jsv.JsonSchemaValidator.matchesJsonSchema(JsonSchemaValidator.java:107)
at com.jobsapi.testcases.postNewJob.postNewJobWithAllValidDetails(postNewJob.java:66)
at java.base/jdk.internal.reflect.NativeMethodAccessorImpl.invoke0(Native Method)
at java.base/jdk.internal.reflect.NativeMethodAccessorImpl.invoke(NativeMethodAccessorImpl.java:64)
at java.base/jdk.internal.reflect.DelegatingMethodAccessorImpl.invoke(DelegatingMethodAccessorImpl.java:43)
at java.base/java.lang.reflect.Method.invoke(Method.java:564)
at org.testng.internal.MethodInvocationHelper.invokeMethod(MethodInvocationHelper.java:134)
at org.testng.internal.TestInvoker.invokeMethod(TestInvoker.java:597)
at org.testng.internal.TestInvoker.invokeTestMethod(TestInvoker.java:173)
at org.testng.internal.MethodRunner.runInSequence(MethodRunner.java:46)
at org.testng.internal.TestInvoker$MethodInvocationAgent.invoke(TestInvoker.java:816)
at org.testng.internal.TestInvoker.invokeTestMethods(TestInvoker.java:146)
at org.testng.internal.TestMethodWorker.invokeTestMethods(TestMethodWorker.java:146)
at org.testng.internal.TestMethodWorker.run(TestMethodWorker.java:128)
at java.base/java.util.ArrayList.forEach(ArrayList.java:1511)
at org.testng.TestRunner.privateRun(TestRunner.java:766)
at org.testng.TestRunner.run(TestRunner.java:587)
at org.testng.SuiteRunner.runTest(SuiteRunner.java:384)
at org.testng.SuiteRunner.runSequentially(SuiteRunner.java:378)
at org.testng.SuiteRunner.privateRun(SuiteRunner.java:337)
at org.testng.SuiteRunner.run(SuiteRunner.java:286)
at org.testng.SuiteRunnerWorker.runSuite(SuiteRunnerWorker.java:53)
at org.testng.SuiteRunnerWorker.run(SuiteRunnerWorker.java:96)
at org.testng.TestNG.runSuitesSequentially(TestNG.java:1187)
at org.testng.TestNG.runSuitesLocally(TestNG.java:1109)
at org.testng.TestNG.runSuites(TestNG.java:1039)
at org.testng.TestNG.run(TestNG.java:1007)
at org.testng.remote.AbstractRemoteTestNG.run(AbstractRemoteTestNG.java:115)
at org.testng.remote.RemoteTestNG.initAndRun(RemoteTestNG.java:251)
at org.testng.remote.RemoteTestNG.main(RemoteTestNG.java:77)
Caused by: com.fasterxml.jackson.core.JsonParseException: Unrecognized token 'postjobsschema': was expecting (JSON String, Number, Array, Object or token 'null', 'true' or 'false')
 at [Source: (StringReader); line: 1, column: 15]
at com.fasterxml.jackson.core.JsonParser._constructError(JsonParser.java:1851)
at com.fasterxml.jackson.core.base.ParserMinimalBase._reportError(ParserMinimalBase.java:717)
at com.fasterxml.jackson.core.json.ReaderBasedJsonParser._reportInvalidToken(ReaderBasedJsonParser.java:2892)
at com.fasterxml.jackson.core.json.ReaderBasedJsonParser._handleOddValue(ReaderBasedJsonParser.java:1938)
at com.fasterxml.jackson.core.json.ReaderBasedJsonParser.nextToken(ReaderBasedJsonParser.java:776)
at com.fasterxml.jackson.databind.MappingIterator.hasNextValue(MappingIterator.java:243)
at com.github.fge.jackson.JsonNodeReader.readNode(JsonNodeReader.java:149)
at com.github.fge.jackson.JsonNodeReader.fromReader(JsonNodeReader.java:129)
at com.github.fge.jackson.JsonLoader.fromReader(JsonLoader.java:186)
at com.github.fge.jackson.JsonLoader.fromString(JsonLoader.java:199)
at io.restassured.module.jsv.JsonSchemaValidator$1.createSchemaInstance(JsonSchemaValidator.java:105)
at io.restassured.module.jsv.JsonSchemaValidator$1.createSchemaInstance(JsonSchemaValidator.java:102)
at io.restassured.module.jsv.JsonSchemaValidator$JsonSchemaValidatorFactory.create(JsonSchemaValidator.java:284)
... 30 more
]]>
            </full-stacktrace>
          </exception> <!-- io.restassured.module.jsv.JsonSchemaValidationException -->
          <reporter-output>
          </reporter-output>
        </test-method> <!-- postNewJobWithAllValidDetails -->
        <test-method signature="postNewJobWithAllValidDetails(java.lang.String, java.lang.String, java.lang.String, java.lang.String, java.lang.String, java.lang.String, java.lang.String, java.lang.String)[pri:0, instance:com.jobsapi.testcases.postNewJob@49912c99]" started-at="2022-04-19T11:59:46 PDT" name="postNewJobWithAllValidDetails" data-provider="PostDataFromExcel" finished-at="2022-04-19T11:59:46 PDT" duration-ms="675" status="FAIL">
          <params>
            <param index="0">
              <value>
                <![CDATA[Quality Assurance Automation Lead]]>
              </value>
            </param>
            <param index="1">
              <value>
                <![CDATA[Pacific Corp]]>
              </value>
            </param>
            <param index="2">
              <value>
                <![CDATA[London, UK]]>
              </value>
            </param>
            <param index="3">
              <value>
                <![CDATA[Full Time]]>
              </value>
            </param>
            <param index="4">
              <value>
                <![CDATA[2 days ago]]>
              </value>
            </param>
            <param index="5">
              <value>
                <![CDATA[Quality Assurance Automation Lead]]>
              </value>
            </param>
            <param index="6">
              <value>
                <![CDATA[5004]]>
              </value>
            </param>
            <param index="7">
              <value is-null="true"/>
            </param>
          </params>
          <exception class="io.restassured.module.jsv.JsonSchemaValidationException">
            <message>
              <![CDATA[com.fasterxml.jackson.core.JsonParseException: Unrecognized token 'postjobsschema': was expecting (JSON String, Number, Array, Object or token 'null', 'true' or 'false')
 at [Source: (StringReader); line: 1, column: 15]]]>
            </message>
            <full-stacktrace>
              <![CDATA[io.restassured.module.jsv.JsonSchemaValidationException: com.fasterxml.jackson.core.JsonParseException: Unrecognized token 'postjobsschema': was expecting (JSON String, Number, Array, Object or token 'null', 'true' or 'false')
 at [Source: (StringReader); line: 1, column: 15]
at io.restassured.module.jsv.JsonSchemaValidator$JsonSchemaValidatorFactory.create(JsonSchemaValidator.java:286)
at io.restassured.module.jsv.JsonSchemaValidator.matchesJsonSchema(JsonSchemaValidator.java:107)
at com.jobsapi.testcases.postNewJob.postNewJobWithAllValidDetails(postNewJob.java:66)
at java.base/jdk.internal.reflect.NativeMethodAccessorImpl.invoke0(Native Method)
at java.base/jdk.internal.reflect.NativeMethodAccessorImpl.invoke(NativeMethodAccessorImpl.java:64)
at java.base/jdk.internal.reflect.DelegatingMethodAccessorImpl.invoke(DelegatingMethodAccessorImpl.java:43)
at java.base/java.lang.reflect.Method.invoke(Method.java:564)
at org.testng.internal.MethodInvocationHelper.invokeMethod(MethodInvocationHelper.java:134)
at org.testng.internal.TestInvoker.invokeMethod(TestInvoker.java:597)
at org.testng.internal.TestInvoker.invokeTestMethod(TestInvoker.java:173)
at org.testng.internal.MethodRunner.runInSequence(MethodRunner.java:46)
at org.testng.internal.TestInvoker$MethodInvocationAgent.invoke(TestInvoker.java:816)
at org.testng.internal.TestInvoker.invokeTestMethods(TestInvoker.java:146)
at org.testng.internal.TestMethodWorker.invokeTestMethods(TestMethodWorker.java:146)
at org.testng.internal.TestMethodWorker.run(TestMethodWorker.java:128)
at java.base/java.util.ArrayList.forEach(ArrayList.java:1511)
at org.testng.TestRunner.privateRun(TestRunner.java:766)
at org.testng.TestRunner.run(TestRunner.java:587)
at org.testng.SuiteRunner.runTest(SuiteRunner.java:384)
at org.testng.SuiteRunner.runSequentially(SuiteRunner.java:378)
at org.testng.SuiteRunner.privateRun(SuiteRunner.java:337)
at org.testng.SuiteRunner.run(SuiteRunner.java:286)
at org.testng.SuiteRunnerWorker.runSuite(SuiteRunnerWorker.java:53)
at org.testng.SuiteRunnerWorker.run(SuiteRunnerWorker.java:96)
at org.testng.TestNG.runSuitesSequentially(TestNG.java:1187)
at org.testng.TestNG.runSuitesLocally(TestNG.java:1109)
at org.testng.TestNG.runSuites(TestNG.java:1039)
at org.testng.TestNG.run(TestNG.java:1007)
at org.testng.remote.AbstractRemoteTestNG.run(AbstractRemoteTestNG.java:115)
at org.testng.remote.RemoteTestNG.initAndRun(RemoteTestNG.java:251)
at org.testng.remote.RemoteTestNG.main(RemoteTestNG.java:77)
Caused by: com.fasterxml.jackson.core.JsonParseException: Unrecognized token 'postjobsschema': was expecting (JSON String, Number, Array, Object or token 'null', 'true' or 'false')
 at [Source: (StringReader); line: 1, column: 15]
at com.fasterxml.jackson.core.JsonParser._constructError(JsonParser.java:1851)
at com.fasterxml.jackson.core.base.ParserMinimalBase._reportError(ParserMinimalBase.java:717)
at com.fasterxml.jackson.core.json.ReaderBasedJsonParser._reportInvalidToken(ReaderBasedJsonParser.java:2892)
at com.fasterxml.jackson.core.json.ReaderBasedJsonParser._handleOddValue(ReaderBasedJsonParser.java:1938)
at com.fasterxml.jackson.core.json.ReaderBasedJsonParser.nextToken(ReaderBasedJsonParser.java:776)
at com.fasterxml.jackson.databind.MappingIterator.hasNextValue(MappingIterator.java:243)
at com.github.fge.jackson.JsonNodeReader.readNode(JsonNodeReader.java:149)
at com.github.fge.jackson.JsonNodeReader.fromReader(JsonNodeReader.java:129)
at com.github.fge.jackson.JsonLoader.fromReader(JsonLoader.java:186)
at com.github.fge.jackson.JsonLoader.fromString(JsonLoader.java:199)
at io.restassured.module.jsv.JsonSchemaValidator$1.createSchemaInstance(JsonSchemaValidator.java:105)
at io.restassured.module.jsv.JsonSchemaValidator$1.createSchemaInstance(JsonSchemaValidator.java:102)
at io.restassured.module.jsv.JsonSchemaValidator$JsonSchemaValidatorFactory.create(JsonSchemaValidator.java:284)
... 30 more
]]>
            </full-stacktrace>
          </exception> <!-- io.restassured.module.jsv.JsonSchemaValidationException -->
          <reporter-output>
          </reporter-output>
        </test-method> <!-- postNewJobWithAllValidDetails -->
        <test-method signature="postNewJobWithAllValidDetails(java.lang.String, java.lang.String, java.lang.String, java.lang.String, java.lang.String, java.lang.String, java.lang.String, java.lang.String)[pri:0, instance:com.jobsapi.testcases.postNewJob@49912c99]" started-at="2022-04-19T11:59:46 PDT" name="postNewJobWithAllValidDetails" data-provider="PostDataFromExcel" finished-at="2022-04-19T11:59:47 PDT" duration-ms="597" status="FAIL">
          <params>
            <param index="0">
              <value>
                <![CDATA[Engineering Manager]]>
              </value>
            </param>
            <param index="1">
              <value>
                <![CDATA[Myriad Solutions]]>
              </value>
            </param>
            <param index="2">
              <value>
                <![CDATA[New York, NY]]>
              </value>
            </param>
            <param index="3">
              <value>
                <![CDATA[Third Party]]>
              </value>
            </param>
            <param index="4">
              <value>
                <![CDATA[6 days ago]]>
              </value>
            </param>
            <param index="5">
              <value>
                <![CDATA[Engineering Manager]]>
              </value>
            </param>
            <param index="6">
              <value>
                <![CDATA[5005]]>
              </value>
            </param>
            <param index="7">
              <value is-null="true"/>
            </param>
          </params>
          <exception class="io.restassured.module.jsv.JsonSchemaValidationException">
            <message>
              <![CDATA[com.fasterxml.jackson.core.JsonParseException: Unrecognized token 'postjobsschema': was expecting (JSON String, Number, Array, Object or token 'null', 'true' or 'false')
 at [Source: (StringReader); line: 1, column: 15]]]>
            </message>
            <full-stacktrace>
              <![CDATA[io.restassured.module.jsv.JsonSchemaValidationException: com.fasterxml.jackson.core.JsonParseException: Unrecognized token 'postjobsschema': was expecting (JSON String, Number, Array, Object or token 'null', 'true' or 'false')
 at [Source: (StringReader); line: 1, column: 15]
at io.restassured.module.jsv.JsonSchemaValidator$JsonSchemaValidatorFactory.create(JsonSchemaValidator.java:286)
at io.restassured.module.jsv.JsonSchemaValidator.matchesJsonSchema(JsonSchemaValidator.java:107)
at com.jobsapi.testcases.postNewJob.postNewJobWithAllValidDetails(postNewJob.java:66)
at java.base/jdk.internal.reflect.NativeMethodAccessorImpl.invoke0(Native Method)
at java.base/jdk.internal.reflect.NativeMethodAccessorImpl.invoke(NativeMethodAccessorImpl.java:64)
at java.base/jdk.internal.reflect.DelegatingMethodAccessorImpl.invoke(DelegatingMethodAccessorImpl.java:43)
at java.base/java.lang.reflect.Method.invoke(Method.java:564)
at org.testng.internal.MethodInvocationHelper.invokeMethod(MethodInvocationHelper.java:134)
at org.testng.internal.TestInvoker.invokeMethod(TestInvoker.java:597)
at org.testng.internal.TestInvoker.invokeTestMethod(TestInvoker.java:173)
at org.testng.internal.MethodRunner.runInSequence(MethodRunner.java:46)
at org.testng.internal.TestInvoker$MethodInvocationAgent.invoke(TestInvoker.java:816)
at org.testng.internal.TestInvoker.invokeTestMethods(TestInvoker.java:146)
at org.testng.internal.TestMethodWorker.invokeTestMethods(TestMethodWorker.java:146)
at org.testng.internal.TestMethodWorker.run(TestMethodWorker.java:128)
at java.base/java.util.ArrayList.forEach(ArrayList.java:1511)
at org.testng.TestRunner.privateRun(TestRunner.java:766)
at org.testng.TestRunner.run(TestRunner.java:587)
at org.testng.SuiteRunner.runTest(SuiteRunner.java:384)
at org.testng.SuiteRunner.runSequentially(SuiteRunner.java:378)
at org.testng.SuiteRunner.privateRun(SuiteRunner.java:337)
at org.testng.SuiteRunner.run(SuiteRunner.java:286)
at org.testng.SuiteRunnerWorker.runSuite(SuiteRunnerWorker.java:53)
at org.testng.SuiteRunnerWorker.run(SuiteRunnerWorker.java:96)
at org.testng.TestNG.runSuitesSequentially(TestNG.java:1187)
at org.testng.TestNG.runSuitesLocally(TestNG.java:1109)
at org.testng.TestNG.runSuites(TestNG.java:1039)
at org.testng.TestNG.run(TestNG.java:1007)
at org.testng.remote.AbstractRemoteTestNG.run(AbstractRemoteTestNG.java:115)
at org.testng.remote.RemoteTestNG.initAndRun(RemoteTestNG.java:251)
at org.testng.remote.RemoteTestNG.main(RemoteTestNG.java:77)
Caused by: com.fasterxml.jackson.core.JsonParseException: Unrecognized token 'postjobsschema': was expecting (JSON String, Number, Array, Object or token 'null', 'true' or 'false')
 at [Source: (StringReader); line: 1, column: 15]
at com.fasterxml.jackson.core.JsonParser._constructError(JsonParser.java:1851)
at com.fasterxml.jackson.core.base.ParserMinimalBase._reportError(ParserMinimalBase.java:717)
at com.fasterxml.jackson.core.json.ReaderBasedJsonParser._reportInvalidToken(ReaderBasedJsonParser.java:2892)
at com.fasterxml.jackson.core.json.ReaderBasedJsonParser._handleOddValue(ReaderBasedJsonParser.java:1938)
at com.fasterxml.jackson.core.json.ReaderBasedJsonParser.nextToken(ReaderBasedJsonParser.java:776)
at com.fasterxml.jackson.databind.MappingIterator.hasNextValue(MappingIterator.java:243)
at com.github.fge.jackson.JsonNodeReader.readNode(JsonNodeReader.java:149)
at com.github.fge.jackson.JsonNodeReader.fromReader(JsonNodeReader.java:129)
at com.github.fge.jackson.JsonLoader.fromReader(JsonLoader.java:186)
at com.github.fge.jackson.JsonLoader.fromString(JsonLoader.java:199)
at io.restassured.module.jsv.JsonSchemaValidator$1.createSchemaInstance(JsonSchemaValidator.java:105)
at io.restassured.module.jsv.JsonSchemaValidator$1.createSchemaInstance(JsonSchemaValidator.java:102)
at io.restassured.module.jsv.JsonSchemaValidator$JsonSchemaValidatorFactory.create(JsonSchemaValidator.java:284)
... 30 more
]]>
            </full-stacktrace>
          </exception> <!-- io.restassured.module.jsv.JsonSchemaValidationException -->
          <reporter-output>
          </reporter-output>
        </test-method> <!-- postNewJobWithAllValidDetails -->
      </class> <!-- com.jobsapi.testcases.postNewJob -->
    </test> <!-- Default test -->
  </suite> <!-- Default suite -->
</testng-results>
